Start testing: Jun 13 22:36 GMT
----------------------------------------------------------
1/2 Testing: compiler_unit_tests
1/2 Test: compiler_unit_tests
Command: "/home/maxime/AFRILANG/build/afrilang_tests"
Directory: /home/maxime/AFRILANG/build
"compiler_unit_tests" start time: Jun 13 22:36 GMT
Output:
----------------------------------------------------------
=== Tests compilateur AFRILANG ===

Tous les tests unitaires passent.
<end of output>
Test time =   0.02 sec
----------------------------------------------------------
Test Passed.
"compiler_unit_tests" end time: Jun 13 22:36 GMT
"compiler_unit_tests" time elapsed: 00:00:00
----------------------------------------------------------

2/2 Testing: compiler_integration
2/2 Test: compiler_integration
Command: "/home/maxime/AFRILANG/build/afrilang" "test" "/home/maxime/AFRILANG"
Directory: /home/maxime/AFRILANG/build
"compiler_integration" start time: Jun 13 22:36 GMT
Output:
----------------------------------------------------------
=== Tests AFRILANG ===

[examples]
  hello.afr ... Compilation de /home/maxime/AFRILANG/examples/hello.afr...
Exécutable produit: hello
OK
  oop.afr ... Compilation de /home/maxime/AFRILANG/examples/oop.afr...
Exécutable produit: oop
OK
  conditions.afr ... Compilation de /home/maxime/AFRILANG/examples/conditions.afr...
Exécutable produit: conditions
OK
  inheritance.afr ... Compilation de /home/maxime/AFRILANG/examples/inheritance.afr...
Exécutable produit: inheritance
OK
  functions.afr ... Compilation de /home/maxime/AFRILANG/examples/functions.afr...
Exécutable produit: functions
OK
  while.afr ... Compilation de /home/maxime/AFRILANG/examples/while.afr...
Exécutable produit: while
OK
  lists.afr ... Compilation de /home/maxime/AFRILANG/examples/lists.afr...
Exécutable produit: lists
OK
  modules.afr ... Compilation de /home/maxime/AFRILANG/examples/modules.afr...
Exécutable produit: modules
OK
  fields.afr ... Compilation de /home/maxime/AFRILANG/examples/fields.afr...
Exécutable produit: fields
OK
  records.afr ... Compilation de /home/maxime/AFRILANG/examples/records.afr...
Exécutable produit: records
OK
  full_demo.afr ... Compilation de /home/maxime/AFRILANG/examples/full_demo.afr...
Exécutable produit: full_demo
OK
  stdlib_demo.afr ... Compilation de /home/maxime/AFRILANG/examples/stdlib_demo.afr...
Exécutable produit: stdlib_demo
OK
  result.afr ... Compilation de /home/maxime/AFRILANG/examples/result.afr...
Exécutable produit: result
OK
  interfaces.afr ... Compilation de /home/maxime/AFRILANG/examples/interfaces.afr...
Exécutable produit: interfaces
OK
  tests.afr ... Compilation de /home/maxime/AFRILANG/examples/tests.afr...
Exécutable produit: tests
OK
  ffi.afr ... Compilation de /home/maxime/AFRILANG/examples/ffi.afr...
Exécutable produit: ffi
OK
  pkg_demo.afr ... Compilation de /home/maxime/AFRILANG/examples/pkg_demo.afr...
Exécutable produit: pkg_demo
OK
  natural.afr ... Compilation de /home/maxime/AFRILANG/examples/natural.afr...
Exécutable produit: natural
OK
  educational.afr ... Compilation de /home/maxime/AFRILANG/examples/educational.afr...
Exécutable produit: educational
OK
  advanced.afr ... Compilation de /home/maxime/AFRILANG/examples/advanced.afr...
Exécutable produit: advanced
OK
  fs_demo.afr ... Compilation de /home/maxime/AFRILANG/examples/fs_demo.afr...
Exécutable produit: fs_demo
OK
  generics.afr ... Compilation de /home/maxime/AFRILANG/examples/generics.afr...
Exécutable produit: generics
OK
  maps.afr ... Compilation de /home/maxime/AFRILANG/examples/maps.afr...
Exécutable produit: maps
OK
  exceptions.afr ... Compilation de /home/maxime/AFRILANG/examples/exceptions.afr...
Exécutable produit: exceptions
OK
  phase9_demo.afr ... Compilation de /home/maxime/AFRILANG/examples/phase9_demo.afr...
Exécutable produit: phase9_demo
OK
  defaults.afr ... Compilation de /home/maxime/AFRILANG/examples/defaults.afr...
Exécutable produit: defaults
OK
  phase10_demo.afr ... Compilation de /home/maxime/AFRILANG/examples/phase10_demo.afr...
Exécutable produit: phase10_demo
OK
  lambdas.afr ... Compilation de /home/maxime/AFRILANG/examples/lambdas.afr...
Exécutable produit: lambdas
OK
  list_ops.afr ... Compilation de /home/maxime/AFRILANG/examples/list_ops.afr...
Exécutable produit: list_ops
OK
  natural_list_ops.afr ... Compilation de /home/maxime/AFRILANG/examples/natural_list_ops.afr...
Exécutable produit: natural_list_ops
OK
  poo_demo.afr ... Compilation de /home/maxime/AFRILANG/examples/poo_demo.afr...
Exécutable produit: poo_demo
OK
  oop_full.afr ... Compilation de /home/maxime/AFRILANG/examples/oop_full.afr...
Exécutable produit: oop_full
OK
  polymorphic_list.afr ... Compilation de /home/maxime/AFRILANG/examples/polymorphic_list.afr...
Exécutable produit: polymorphic_list
OK
  generic_class.afr ... Compilation de /home/maxime/AFRILANG/examples/generic_class.afr...
Exécutable produit: generic_class
OK
  poo_advanced.afr ... Compilation de /home/maxime/AFRILANG/examples/poo_advanced.afr...
Exécutable produit: poo_advanced
OK
  args_path_demo.afr ... Compilation de /home/maxime/AFRILANG/examples/args_path_demo.afr...
Exécutable produit: args_path_demo
OK
  phase11_demo.afr ... Compilation de /home/maxime/AFRILANG/examples/phase11_demo.afr...
Exécutable produit: phase11_demo
OK
  stdlib_demo.afr ... Compilation de /home/maxime/AFRILANG/examples/stdlib_demo.afr...
Exécutable produit: stdlib_demo
OK

Tous les tests passent.
<end of output>
Test time = 193.46 sec
----------------------------------------------------------
Test Passed.
"compiler_integration" end time: Jun 13 22:39 GMT
"compiler_integration" time elapsed: 00:03:13
----------------------------------------------------------

End testing: Jun 13 22:39 GMT
